# JRE version: Java(TM) SE Runtime Environment (8.0_91-b14) (build 1.8.0_91-b14)
# Java VM: Java HotSpot(TM) 64-Bit Server VM (25.91-b14 mixed mode windows-amd64 compressed oops)
Heap:
 PSYoungGen      total 256000K, used 80572K [0x00000000eab00000, 0x00000000fc900000, 0x0000000100000000)
  eden space 231936K, 34% used [0x00000000eab00000,0x00000000ef9af0b8,0x00000000f8d80000)
  from space 24064K, 0% used [0x00000000fab00000,0x00000000fab00000,0x00000000fc280000)
  to   space 30208K, 0% used [0x00000000f8d80000,0x00000000f8d80000,0x00000000fab00000)
 ParOldGen       total 153088K, used 48078K [0x00000000c0000000, 0x00000000c9580000, 0x00000000eab00000)
  object space 153088K, 31% used [0x00000000c0000000,0x00000000c2ef3a20,0x00000000c9580000)
 Metaspace       used 59123K, capacity 61482K, committed 61656K, reserved 1101824K
  class space    used 8131K, capacity 8653K, committed 8664K, reserved 1048576K
GC Heap History (10 events):
Event: 22.371 GC heap before
{Heap before GC invocations=7 (full 2):
 PSYoungGen      total 138240K, used 5112K [0x00000000eab00000, 0x00000000f5e00000, 0x0000000100000000)
  eden space 133120K, 0% used [0x00000000eab00000,0x00000000eab00000,0x00000000f2d00000)
  from space 5120K, 99% used [0x00000000f2d00000,0x00000000f31fe090,0x00000000f3200000)
  to   space 14848K, 0% used [0x00000000f4f80000,0x00000000f4f80000,0x00000000f5e00000)
 ParOldGen       total 67584K, used 22428K [0x00000000c0000000, 0x00000000c4200000, 0x00000000eab00000)
  object space 67584K, 33% used [0x00000000c0000000,0x00000000c15e7318,0x00000000c4200000)
 Metaspace       used 34650K, capacity 35284K, committed 35416K, reserved 1079296K
  class space    used 4723K, capacity 4928K, committed 4952K, reserved 1048576K
Event: 22.468 GC heap after
Heap after GC invocations=7 (full 2):
 PSYoungGen      total 138240K, used 0K [0x00000000eab00000, 0x00000000f5e00000, 0x0000000100000000)
  eden space 133120K, 0% used [0x00000000eab00000,0x00000000eab00000,0x00000000f2d00000)
  from space 5120K, 0% used [0x00000000f2d00000,0x00000000f2d00000,0x00000000f3200000)
  to   space 14848K, 0% used [0x00000000f4f80000,0x00000000f4f80000,0x00000000f5e00000)
 ParOldGen       total 97280K, used 18337K [0x00000000c0000000, 0x00000000c5f00000, 0x00000000eab00000)
  object space 97280K, 18% used [0x00000000c0000000,0x00000000c11e85d8,0x00000000c5f00000)
 Metaspace       used 34627K, capacity 35260K, committed 35416K, reserved 1079296K
  class space    used 4716K, capacity 4920K, committed 4952K, reserved 1048576K
}
Event: 25.193 GC heap before
{Heap before GC invocations=8 (full 2):
 PSYoungGen      total 138240K, used 133120K [0x00000000eab00000, 0x00000000f5e00000, 0x0000000100000000)
  eden space 133120K, 100% used [0x00000000eab00000,0x00000000f2d00000,0x00000000f2d00000)
  from space 5120K, 0% used [0x00000000f2d00000,0x00000000f2d00000,0x00000000f3200000)
  to   space 14848K, 0% used [0x00000000f4f80000,0x00000000f4f80000,0x00000000f5e00000)
 ParOldGen       total 97280K, used 18337K [0x00000000c0000000, 0x00000000c5f00000, 0x00000000eab00000)
  object space 97280K, 18% used [0x00000000c0000000,0x00000000c11e85d8,0x00000000c5f00000)
 Metaspace       used 45399K, capacity 46356K, committed 46680K, reserved 1089536K
  class space    used 6195K, capacity 6465K, committed 6488K, reserved 1048576K
Event: 25.207 GC heap after
Heap after GC invocations=8 (full 2):
 PSYoungGen      total 166400K, used 13839K [0x00000000eab00000, 0x00000000f8f80000, 0x0000000100000000)
  eden space 151552K, 0% used [0x00000000eab00000,0x00000000eab00000,0x00000000f3f00000)
  from space 14848K, 93% used [0x00000000f4f80000,0x00000000f5d03ea0,0x00000000f5e00000)
  to   space 16896K, 0% used [0x00000000f3f00000,0x00000000f3f00000,0x00000000f4f80000)
 ParOldGen       total 97280K, used 18345K [0x00000000c0000000, 0x00000000c5f00000, 0x00000000eab00000)
  object space 97280K, 18% used [0x00000000c0000000,0x00000000c11ea5d8,0x00000000c5f00000)
 Metaspace       used 45399K, capacity 46356K, committed 46680K, reserved 1089536K
  class space    used 6195K, capacity 6465K, committed 6488K, reserved 1048576K
}
Event: 28.244 GC heap before
{Heap before GC invocations=9 (full 2):
 PSYoungGen      total 166400K, used 165391K [0x00000000eab00000, 0x00000000f8f80000, 0x0000000100000000)
  eden space 151552K, 100% used [0x00000000eab00000,0x00000000f3f00000,0x00000000f3f00000)
  from space 14848K, 93% used [0x00000000f4f80000,0x00000000f5d03ea0,0x00000000f5e00000)
  to   space 16896K, 0% used [0x00000000f3f00000,0x00000000f3f00000,0x00000000f4f80000)
 ParOldGen       total 97280K, used 18345K [0x00000000c0000000, 0x00000000c5f00000, 0x00000000eab00000)
  object space 97280K, 18% used [0x00000000c0000000,0x00000000c11ea5d8,0x00000000c5f00000)
 Metaspace       used 52628K, capacity 54366K, committed 54488K, reserved 1095680K
  class space    used 7390K, capacity 7775K, committed 7896K, reserved 1048576K
Event: 28.299 GC heap after
Heap after GC invocations=9 (full 2):
 PSYoungGen      total 168448K, used 16864K [0x00000000eab00000, 0x00000000fc280000, 0x0000000100000000)
  eden space 151552K, 0% used [0x00000000eab00000,0x00000000eab00000,0x00000000f3f00000)
  from space 16896K, 99% used [0x00000000f3f00000,0x00000000f4f781f8,0x00000000f4f80000)
  to   space 24064K, 0% used [0x00000000fab00000,0x00000000fab00000,0x00000000fc280000)
 ParOldGen       total 97280K, used 27675K [0x00000000c0000000, 0x00000000c5f00000, 0x00000000eab00000)
  object space 97280K, 28% used [0x00000000c0000000,0x00000000c1b06d88,0x00000000c5f00000)
 Metaspace       used 52628K, capacity 54366K, committed 54488K, reserved 1095680K
  class space    used 7390K, capacity 7775K, committed 7896K, reserved 1048576K
}
Event: 51.829 GC heap before
{Heap before GC invocations=10 (full 2):
 PSYoungGen      total 168448K, used 153419K [0x00000000eab00000, 0x00000000fc280000, 0x0000000100000000)
  eden space 151552K, 90% used [0x00000000eab00000,0x00000000f305ab58,0x00000000f3f00000)
  from space 16896K, 99% used [0x00000000f3f00000,0x00000000f4f781f8,0x00000000f4f80000)
  to   space 24064K, 0% used [0x00000000fab00000,0x00000000fab00000,0x00000000fc280000)
 ParOldGen       total 97280K, used 27675K [0x00000000c0000000, 0x00000000c5f00000, 0x00000000eab00000)
  object space 97280K, 28% used [0x00000000c0000000,0x00000000c1b06d88,0x00000000c5f00000)
 Metaspace       used 56674K, capacity 58964K, committed 59028K, reserved 1099776K
  class space    used 7851K, capacity 8356K, committed 8408K, reserved 1048576K
Event: 51.928 GC heap after
Heap after GC invocations=10 (full 2):
 PSYoungGen      total 256000K, used 24060K [0x00000000eab00000, 0x00000000fc900000, 0x0000000100000000)
  eden space 231936K, 0% used [0x00000000eab00000,0x00000000eab00000,0x00000000f8d80000)
  from space 24064K, 99% used [0x00000000fab00000,0x00000000fc27f3f0,0x00000000fc280000)
  to   space 30208K, 0% used [0x00000000f8d80000,0x00000000f8d80000,0x00000000fab00000)
 ParOldGen       total 97280K, used 33150K [0x00000000c0000000, 0x00000000c5f00000, 0x00000000eab00000)
  object space 97280K, 34% used [0x00000000c0000000,0x00000000c205faf8,0x00000000c5f00000)
 Metaspace       used 56674K, capacity 58964K, committed 59028K, reserved 1099776K
  class space    used 7851K, capacity 8356K, committed 8408K, reserved 1048576K
}
Event: 51.928 GC heap before
{Heap before GC invocations=11 (full 3):
 PSYoungGen      total 256000K, used 24060K [0x00000000eab00000, 0x00000000fc900000, 0x0000000100000000)
  eden space 231936K, 0% used [0x00000000eab00000,0x00000000eab00000,0x00000000f8d80000)
  from space 24064K, 99% used [0x00000000fab00000,0x00000000fc27f3f0,0x00000000fc280000)
  to   space 30208K, 0% used [0x00000000f8d80000,0x00000000f8d80000,0x00000000fab00000)
 ParOldGen       total 97280K, used 33150K [0x00000000c0000000, 0x00000000c5f00000, 0x00000000eab00000)
  object space 97280K, 34% used [0x00000000c0000000,0x00000000c205faf8,0x00000000c5f00000)
 Metaspace       used 56674K, capacity 58964K, committed 59028K, reserved 1099776K
  class space    used 7851K, capacity 8356K, committed 8408K, reserved 1048576K
Event: 52.506 GC heap after
Heap after GC invocations=11 (full 3):
 PSYoungGen      total 256000K, used 0K [0x00000000eab00000, 0x00000000fc900000, 0x0000000100000000)
  eden space 231936K, 0% used [0x00000000eab00000,0x00000000eab00000,0x00000000f8d80000)
  from space 24064K, 0% used [0x00000000fab00000,0x00000000fab00000,0x00000000fc280000)
  to   space 30208K, 0% used [0x00000000f8d80000,0x00000000f8d80000,0x00000000fab00000)
 ParOldGen       total 153088K, used 48078K [0x00000000c0000000, 0x00000000c9580000, 0x00000000eab00000)
  object space 153088K, 31% used [0x00000000c0000000,0x00000000c2ef3a20,0x00000000c9580000)
 Metaspace       used 56674K, capacity 58964K, committed 59028K, reserved 1099776K
  class space    used 7851K, capacity 8356K, committed 8408K, reserved 1048576K
}

